[debug] [2025-09-11T06:28:25.831Z] ----------------------------------------------------------------------
[debug] [2025-09-11T06:28:25.833Z] Command:       C:\Program Files\nodejs\node.exe C:\Users\User\AppData\Roaming\npm\node_modules\firebase-tools\lib\bin\firebase.js init
[debug] [2025-09-11T06:28:25.833Z] CLI Version:   14.16.0
[debug] [2025-09-11T06:28:25.833Z] Platform:      win32
[debug] [2025-09-11T06:28:25.833Z] Node Version:  v22.18.0
[debug] [2025-09-11T06:28:25.833Z] Time:          Thu Sep 11 2025 11:58:25 GMT+0530 (India Standard Time)
[debug] [2025-09-11T06:28:25.833Z] ----------------------------------------------------------------------
[debug] 
[debug] [2025-09-11T06:28:25.837Z] > command requires scopes: ["email","openid","https://www.googleapis.com/auth/cloudplatformprojects.readonly","https://www.googleapis.com/auth/firebase","https://www.googleapis.com/auth/cloud-platform"]
[debug] [2025-09-11T06:28:25.838Z] > authorizing via signed-in user (vinilvidushanka813@gmail.com)
[info] 
     ######## #### ########  ######## ########     ###     ######  ########
     ##        ##  ##     ## ##       ##     ##  ##   ##  ##       ##
     ######    ##  ########  ######   ########  #########  ######  ######
     ##        ##  ##    ##  ##       ##     ## ##     ##       ## ##
     ##       #### ##     ## ######## ########  ##     ##  ######  ########

You're about to initialize a Firebase project in this directory:

  C:\Users\User\AMD\AMD\WallXpress

[debug] [2025-09-11T06:28:46.039Z] ExitPromptError: User force closed the prompt with SIGINT
    at Interface.sigint (C:\Users\User\AppData\Roaming\npm\node_modules\firebase-tools\node_modules\@inquirer\core\dist\commonjs\lib\create-prompt.js:101:37)
    at Interface.emit (node:events:518:28)
    at Interface.emit (node:domain:489:12)
    at [_ttyWrite] [as _ttyWrite] (node:internal/readline/interface:1132:18)
    at ReadStream.onkeypress (node:internal/readline/interface:271:20)
    at ReadStream.emit (node:events:530:35)
    at ReadStream.emit (node:domain:489:12)
    at emitKeys (node:internal/readline/utils:370:14)
    at emitKeys.next (<anonymous>)
    at ReadStream.onData (node:internal/readline/emitKeypressEvents:64:36)
[error] 
[error] Error: An unexpected error has occurred.
